2022-05-06 01:07:48 Error: Fatal Error (4): syntax error, unexpected '}' in [C:\wamp64\www\proyectos\Restaurante\app\Controller\MeserosController.php, line 7]
2022-05-06 01:07:48 Error: [FatalErrorException] syntax error, unexpected '}'
Request URL: /proyectos/Restaurante/meseros
Stack Trace:
#0 C:\wamp64\www\proyectos\Restaurante\lib\Cake\Error\ErrorHandler.php(203): ErrorHandler::handleFatalError(4, 'syntax error, u...', 'C:\\wamp64\\www\\p...', 7)
#1 [internal function]: ErrorHandler::handleError(4, 'syntax error, u...', 'C:\\wamp64\\www\\p...', 7, Array)
#2 C:\wamp64\www\proyectos\Restaurante\lib\Cake\Core\App.php(931): call_user_func('ErrorHandler::h...', 4, 'syntax error, u...', 'C:\\wamp64\\www\\p...', 7, Array)
#3 C:\wamp64\www\proyectos\Restaurante\lib\Cake\Core\App.php(904): App::_checkFatalError()
#4 [internal function]: App::shutdown()
#5 {main}
2022-05-06 10:19:38 Error: [MissingControllerException] Controller class RestauranteController could not be found.
Exception Attributes: array (
  'class' => 'RestauranteController',
  'plugin' => NULL,
)
Request URL: /proyectos/Restaurante/restaurante
Stack Trace:
#0 C:\wamp64\www\proyectos\Restaurante\app\webroot\index.php(108): Dispatcher->dispatch(Object(CakeRequest), Object(CakeResponse))
#1 {main}
2022-05-06 10:21:33 Error: [MissingActionException] Action MeserosController::ver() could not be found.
Exception Attributes: array (
  'controller' => 'MeserosController',
  'action' => 'ver',
)
Request URL: /proyectos/Restaurante/meseros/ver/1
Stack Trace:
#0 C:\wamp64\www\proyectos\Restaurante\lib\Cake\Routing\Dispatcher.php(191): Controller->invokeAction(Object(CakeRequest))
#1 C:\wamp64\www\proyectos\Restaurante\lib\Cake\Routing\Dispatcher.php(165): Dispatcher->_invoke(Object(MeserosController), Object(CakeRequest))
#2 C:\wamp64\www\proyectos\Restaurante\app\webroot\index.php(108): Dispatcher->dispatch(Object(CakeRequest), Object(CakeResponse))
#3 {main}
2022-05-06 10:22:24 Error: [MissingActionException] Action MeserosController::ver() could not be found.
Exception Attributes: array (
  'controller' => 'MeserosController',
  'action' => 'ver',
)
Request URL: /proyectos/Restaurante/meseros/ver/1
Stack Trace:
#0 C:\wamp64\www\proyectos\Restaurante\lib\Cake\Routing\Dispatcher.php(191): Controller->invokeAction(Object(CakeRequest))
#1 C:\wamp64\www\proyectos\Restaurante\lib\Cake\Routing\Dispatcher.php(165): Dispatcher->_invoke(Object(MeserosController), Object(CakeRequest))
#2 C:\wamp64\www\proyectos\Restaurante\app\webroot\index.php(108): Dispatcher->dispatch(Object(CakeRequest), Object(CakeResponse))
#3 {main}
2022-05-06 10:22:27 Error: [MissingActionException] Action MeserosController::ver() could not be found.
Exception Attributes: array (
  'controller' => 'MeserosController',
  'action' => 'ver',
)
Request URL: /proyectos/Restaurante/meseros/ver/1
Stack Trace:
#0 C:\wamp64\www\proyectos\Restaurante\lib\Cake\Routing\Dispatcher.php(191): Controller->invokeAction(Object(CakeRequest))
#1 C:\wamp64\www\proyectos\Restaurante\lib\Cake\Routing\Dispatcher.php(165): Dispatcher->_invoke(Object(MeserosController), Object(CakeRequest))
#2 C:\wamp64\www\proyectos\Restaurante\app\webroot\index.php(108): Dispatcher->dispatch(Object(CakeRequest), Object(CakeResponse))
#3 {main}
2022-05-06 10:22:34 Error: [MissingActionException] Action MeserosController::ver() could not be found.
Exception Attributes: array (
  'controller' => 'MeserosController',
  'action' => 'ver',
)
Request URL: /proyectos/Restaurante/meseros/ver/1
Stack Trace:
#0 C:\wamp64\www\proyectos\Restaurante\lib\Cake\Routing\Dispatcher.php(191): Controller->invokeAction(Object(CakeRequest))
#1 C:\wamp64\www\proyectos\Restaurante\lib\Cake\Routing\Dispatcher.php(165): Dispatcher->_invoke(Object(MeserosController), Object(CakeRequest))
#2 C:\wamp64\www\proyectos\Restaurante\app\webroot\index.php(108): Dispatcher->dispatch(Object(CakeRequest), Object(CakeResponse))
#3 {main}
2022-05-06 10:22:49 Error: [MissingActionException] Action MeserosController::view() could not be found.
Exception Attributes: array (
  'controller' => 'MeserosController',
  'action' => 'view',
)
Request URL: /proyectos/Restaurante/meseros/view/1
Stack Trace:
#0 C:\wamp64\www\proyectos\Restaurante\lib\Cake\Routing\Dispatcher.php(191): Controller->invokeAction(Object(CakeRequest))
#1 C:\wamp64\www\proyectos\Restaurante\lib\Cake\Routing\Dispatcher.php(165): Dispatcher->_invoke(Object(MeserosController), Object(CakeRequest))
#2 C:\wamp64\www\proyectos\Restaurante\app\webroot\index.php(108): Dispatcher->dispatch(Object(CakeRequest), Object(CakeResponse))
#3 {main}
2022-05-06 10:23:30 Error: [MissingActionException] Action MeserosController::ver() could not be found.
Exception Attributes: array (
  'controller' => 'MeserosController',
  'action' => 'ver',
)
Request URL: /proyectos/Restaurante/meseros/ver/1
Stack Trace:
#0 C:\wamp64\www\proyectos\Restaurante\lib\Cake\Routing\Dispatcher.php(191): Controller->invokeAction(Object(CakeRequest))
#1 C:\wamp64\www\proyectos\Restaurante\lib\Cake\Routing\Dispatcher.php(165): Dispatcher->_invoke(Object(MeserosController), Object(CakeRequest))
#2 C:\wamp64\www\proyectos\Restaurante\app\webroot\index.php(108): Dispatcher->dispatch(Object(CakeRequest), Object(CakeResponse))
#3 {main}
2022-05-06 10:24:03 Error: [MissingActionException] Action MeserosController::view() could not be found.
Exception Attributes: array (
  'controller' => 'MeserosController',
  'action' => 'view',
)
Request URL: /proyectos/Restaurante/meseros/view/1
Stack Trace:
#0 C:\wamp64\www\proyectos\Restaurante\lib\Cake\Routing\Dispatcher.php(191): Controller->invokeAction(Object(CakeRequest))
#1 C:\wamp64\www\proyectos\Restaurante\lib\Cake\Routing\Dispatcher.php(165): Dispatcher->_invoke(Object(MeserosController), Object(CakeRequest))
#2 C:\wamp64\www\proyectos\Restaurante\app\webroot\index.php(108): Dispatcher->dispatch(Object(CakeRequest), Object(CakeResponse))
#3 {main}
2022-05-06 11:22:15 Error: [PDOException] SQLSTATE[22007]: Invalid datetime format: 1292 Incorrect datetime value: 'CURRENT_TIMESTAMP' for column 'CREATED' at row 1
Request URL: /proyectos/Restaurante/meseros/add
Stack Trace:
#0 C:\wamp64\www\proyectos\Restaurante\lib\Cake\Model\Datasource\DboSource.php(458): PDOStatement->execute(Array)
#1 C:\wamp64\www\proyectos\Restaurante\lib\Cake\Model\Datasource\DboSource.php(424): DboSource->_execute('INSERT INTO `re...', Array)
#2 C:\wamp64\www\proyectos\Restaurante\lib\Cake\Model\Datasource\DboSource.php(1012): DboSource->execute('INSERT INTO `re...')
#3 C:\wamp64\www\proyectos\Restaurante\lib\Cake\Model\Model.php(1854): DboSource->create(Object(Mesero), Array, Array)
#4 C:\wamp64\www\proyectos\Restaurante\app\Controller\MeserosController.php(26): Model->save(Array)
#5 [internal function]: MeserosController->add()
#6 C:\wamp64\www\proyectos\Restaurante\lib\Cake\Controller\Controller.php(490): ReflectionMethod->invokeArgs(Object(MeserosController), Array)
#7 C:\wamp64\www\proyectos\Restaurante\lib\Cake\Routing\Dispatcher.php(191): Controller->invokeAction(Object(CakeRequest))
#8 C:\wamp64\www\proyectos\Restaurante\lib\Cake\Routing\Dispatcher.php(165): Dispatcher->_invoke(Object(MeserosController), Object(CakeRequest))
#9 C:\wamp64\www\proyectos\Restaurante\app\webroot\index.php(108): Dispatcher->dispatch(Object(CakeRequest), Object(CakeResponse))
#10 {main}
2022-05-13 18:46:13 Error: [MissingControllerException] Controller class BorisController could not be found.
Exception Attributes: array (
  'class' => 'BorisController',
  'plugin' => NULL,
)
Request URL: /proyectos/Restaurante/boris
Stack Trace:
#0 C:\wamp64\www\proyectos\Restaurante\app\webroot\index.php(108): Dispatcher->dispatch(Object(CakeRequest), Object(CakeResponse))
#1 {main}
2022-05-13 18:48:18 Error: [MissingActionException] Action BorisController::lolo() could not be found.
Exception Attributes: array (
  'controller' => 'BorisController',
  'action' => 'lolo',
)
Request URL: /proyectos/Restaurante/boris/lolo
Stack Trace:
#0 C:\wamp64\www\proyectos\Restaurante\lib\Cake\Routing\Dispatcher.php(191): Controller->invokeAction(Object(CakeRequest))
#1 C:\wamp64\www\proyectos\Restaurante\lib\Cake\Routing\Dispatcher.php(165): Dispatcher->_invoke(Object(BorisController), Object(CakeRequest))
#2 C:\wamp64\www\proyectos\Restaurante\app\webroot\index.php(108): Dispatcher->dispatch(Object(CakeRequest), Object(CakeResponse))
#3 {main}
2022-05-14 00:21:45 Error: [MissingViewException] View file "C:\wamp64\www\proyectos\Restaurante\app\View\Boris\lolo.ctp" is missing.
Exception Attributes: array (
  'file' => 'C:\\wamp64\\www\\proyectos\\Restaurante\\app\\View\\Boris\\lolo.ctp',
)
Request URL: /proyectos/Restaurante/boris/lolo
Stack Trace:
#0 C:\wamp64\www\proyectos\Restaurante\lib\Cake\View\View.php(468): View->_getViewFileName(NULL)
#1 C:\wamp64\www\proyectos\Restaurante\lib\Cake\Controller\Controller.php(954): View->render(NULL, NULL)
#2 C:\wamp64\www\proyectos\Restaurante\lib\Cake\Routing\Dispatcher.php(198): Controller->render()
#3 C:\wamp64\www\proyectos\Restaurante\lib\Cake\Routing\Dispatcher.php(165): Dispatcher->_invoke(Object(BorisController), Object(CakeRequest))
#4 C:\wamp64\www\proyectos\Restaurante\app\webroot\index.php(108): Dispatcher->dispatch(Object(CakeRequest), Object(CakeResponse))
#5 {main}
2022-05-14 00:42:13 Error: Fatal Error (4): syntax error, unexpected ''view'' (T_CONSTANT_ENCAPSED_STRING), expecting ')' in [C:\wamp64\www\proyectos\Restaurante\app\Controller\BorisController.php, line 10]
2022-05-14 00:42:13 Error: [FatalErrorException] syntax error, unexpected ''view'' (T_CONSTANT_ENCAPSED_STRING), expecting ')'
Request URL: /proyectos/Restaurante/boris/index/view:lolo
Stack Trace:
#0 C:\wamp64\www\proyectos\Restaurante\lib\Cake\Error\ErrorHandler.php(203): ErrorHandler::handleFatalError(4, 'syntax error, u...', 'C:\\wamp64\\www\\p...', 10)
#1 [internal function]: ErrorHandler::handleError(4, 'syntax error, u...', 'C:\\wamp64\\www\\p...', 10, Array)
#2 C:\wamp64\www\proyectos\Restaurante\lib\Cake\Core\App.php(931): call_user_func('ErrorHandler::h...', 4, 'syntax error, u...', 'C:\\wamp64\\www\\p...', 10, Array)
#3 C:\wamp64\www\proyectos\Restaurante\lib\Cake\Core\App.php(904): App::_checkFatalError()
#4 [internal function]: App::shutdown()
#5 {main}
2022-05-14 11:38:31 Error: [NotFoundException] Datos Invalidos
Request URL: /proyectos/Restaurante/meseros/edit
Stack Trace:
#0 [internal function]: MeserosController->edit()
#1 C:\wamp64\www\proyectos\Restaurante\lib\Cake\Controller\Controller.php(490): ReflectionMethod->invokeArgs(Object(MeserosController), Array)
#2 C:\wamp64\www\proyectos\Restaurante\lib\Cake\Routing\Dispatcher.php(191): Controller->invokeAction(Object(CakeRequest))
#3 C:\wamp64\www\proyectos\Restaurante\lib\Cake\Routing\Dispatcher.php(165): Dispatcher->_invoke(Object(MeserosController), Object(CakeRequest))
#4 C:\wamp64\www\proyectos\Restaurante\app\webroot\index.php(108): Dispatcher->dispatch(Object(CakeRequest), Object(CakeResponse))
#5 {main}
2022-05-14 11:38:54 Error: [MissingViewException] View file "C:\wamp64\www\proyectos\Restaurante\app\View\Meseros\edit.ctp" is missing.
Exception Attributes: array (
  'file' => 'C:\\wamp64\\www\\proyectos\\Restaurante\\app\\View\\Meseros\\edit.ctp',
)
Request URL: /proyectos/Restaurante/meseros/edit/1
Stack Trace:
#0 C:\wamp64\www\proyectos\Restaurante\lib\Cake\View\View.php(468): View->_getViewFileName(NULL)
#1 C:\wamp64\www\proyectos\Restaurante\lib\Cake\Controller\Controller.php(954): View->render(NULL, NULL)
#2 C:\wamp64\www\proyectos\Restaurante\lib\Cake\Routing\Dispatcher.php(198): Controller->render()
#3 C:\wamp64\www\proyectos\Restaurante\lib\Cake\Routing\Dispatcher.php(165): Dispatcher->_invoke(Object(MeserosController), Object(CakeRequest))
#4 C:\wamp64\www\proyectos\Restaurante\app\webroot\index.php(108): Dispatcher->dispatch(Object(CakeRequest), Object(CakeResponse))
#5 {main}
2022-05-14 11:42:11 Error: [MissingViewException] View file "C:\wamp64\www\proyectos\Restaurante\app\View\Meseros\edit.ctp" is missing.
Exception Attributes: array (
  'file' => 'C:\\wamp64\\www\\proyectos\\Restaurante\\app\\View\\Meseros\\edit.ctp',
)
Request URL: /proyectos/Restaurante/meseros/edit/1
Stack Trace:
#0 C:\wamp64\www\proyectos\Restaurante\lib\Cake\View\View.php(468): View->_getViewFileName(NULL)
#1 C:\wamp64\www\proyectos\Restaurante\lib\Cake\Controller\Controller.php(954): View->render(NULL, NULL)
#2 C:\wamp64\www\proyectos\Restaurante\lib\Cake\Routing\Dispatcher.php(198): Controller->render()
#3 C:\wamp64\www\proyectos\Restaurante\lib\Cake\Routing\Dispatcher.php(165): Dispatcher->_invoke(Object(MeserosController), Object(CakeRequest))
#4 C:\wamp64\www\proyectos\Restaurante\app\webroot\index.php(108): Dispatcher->dispatch(Object(CakeRequest), Object(CakeResponse))
#5 {main}
2022-05-14 11:42:18 Error: [NotFoundException] El mesero no ha sido encontrado
Request URL: /proyectos/Restaurante/meseros/edit/24
Stack Trace:
#0 [internal function]: MeserosController->edit('24')
#1 C:\wamp64\www\proyectos\Restaurante\lib\Cake\Controller\Controller.php(490): ReflectionMethod->invokeArgs(Object(MeserosController), Array)
#2 C:\wamp64\www\proyectos\Restaurante\lib\Cake\Routing\Dispatcher.php(191): Controller->invokeAction(Object(CakeRequest))
#3 C:\wamp64\www\proyectos\Restaurante\lib\Cake\Routing\Dispatcher.php(165): Dispatcher->_invoke(Object(MeserosController), Object(CakeRequest))
#4 C:\wamp64\www\proyectos\Restaurante\app\webroot\index.php(108): Dispatcher->dispatch(Object(CakeRequest), Object(CakeResponse))
#5 {main}
2022-05-14 19:35:22 Error: [MissingViewException] View file "C:\wamp64\www\proyectos\Restaurante\app\View\Meseros\edit.ctp" is missing.
Exception Attributes: array (
  'file' => 'C:\\wamp64\\www\\proyectos\\Restaurante\\app\\View\\Meseros\\edit.ctp',
)
Request URL: /proyectos/Restaurante/meseros/edit/1
Stack Trace:
#0 C:\wamp64\www\proyectos\Restaurante\lib\Cake\View\View.php(468): View->_getViewFileName(NULL)
#1 C:\wamp64\www\proyectos\Restaurante\lib\Cake\Controller\Controller.php(954): View->render(NULL, NULL)
#2 C:\wamp64\www\proyectos\Restaurante\lib\Cake\Routing\Dispatcher.php(198): Controller->render()
#3 C:\wamp64\www\proyectos\Restaurante\lib\Cake\Routing\Dispatcher.php(165): Dispatcher->_invoke(Object(MeserosController), Object(CakeRequest))
#4 C:\wamp64\www\proyectos\Restaurante\app\webroot\index.php(108): Dispatcher->dispatch(Object(CakeRequest), Object(CakeResponse))
#5 {main}
2022-05-15 01:51:47 Error: [NotFoundException] Incorrecto
Request URL: /proyectos/Restaurante/meseros/delete
Stack Trace:
#0 [internal function]: MeserosController->delete()
#1 C:\wamp64\www\proyectos\Restaurante\lib\Cake\Controller\Controller.php(490): ReflectionMethod->invokeArgs(Object(MeserosController), Array)
#2 C:\wamp64\www\proyectos\Restaurante\lib\Cake\Routing\Dispatcher.php(191): Controller->invokeAction(Object(CakeRequest))
#3 C:\wamp64\www\proyectos\Restaurante\lib\Cake\Routing\Dispatcher.php(165): Dispatcher->_invoke(Object(MeserosController), Object(CakeRequest))
#4 C:\wamp64\www\proyectos\Restaurante\app\webroot\index.php(108): Dispatcher->dispatch(Object(CakeRequest), Object(CakeResponse))
#5 {main}
2022-05-15 01:57:35 Error: [NotFoundException] Incorrecto
Request URL: /proyectos/Restaurante/meseros/delete/8
Stack Trace:
#0 [internal function]: MeserosController->delete('8')
#1 C:\wamp64\www\proyectos\Restaurante\lib\Cake\Controller\Controller.php(490): ReflectionMethod->invokeArgs(Object(MeserosController), Array)
#2 C:\wamp64\www\proyectos\Restaurante\lib\Cake\Routing\Dispatcher.php(191): Controller->invokeAction(Object(CakeRequest))
#3 C:\wamp64\www\proyectos\Restaurante\lib\Cake\Routing\Dispatcher.php(165): Dispatcher->_invoke(Object(MeserosController), Object(CakeRequest))
#4 C:\wamp64\www\proyectos\Restaurante\app\webroot\index.php(108): Dispatcher->dispatch(Object(CakeRequest), Object(CakeResponse))
#5 {main}
2022-05-17 18:28:00 Error: [MissingControllerException] Controller class ProyectosController could not be found.
Exception Attributes: array (
  'class' => 'ProyectosController',
  'plugin' => NULL,
)
Request URL: /proyectos/Restaurante/proyectos/restaurante/
Stack Trace:
#0 C:\wamp64\www\proyectos\Restaurante\app\webroot\index.php(108): Dispatcher->dispatch(Object(CakeRequest), Object(CakeResponse))
#1 {main}
2022-05-17 23:13:23 Error: [MissingActionException] Action MesasController::edit() could not be found.
Exception Attributes: array (
  'controller' => 'MesasController',
  'action' => 'edit',
)
Request URL: /proyectos/Restaurante/mesas/edit/1
Stack Trace:
#0 C:\wamp64\www\proyectos\Restaurante\lib\Cake\Routing\Dispatcher.php(191): Controller->invokeAction(Object(CakeRequest))
#1 C:\wamp64\www\proyectos\Restaurante\lib\Cake\Routing\Dispatcher.php(165): Dispatcher->_invoke(Object(MesasController), Object(CakeRequest))
#2 C:\wamp64\www\proyectos\Restaurante\app\webroot\index.php(108): Dispatcher->dispatch(Object(CakeRequest), Object(CakeResponse))
#3 {main}
2022-05-17 23:42:15 Error: [NotFoundException] La mesa no ha sido encontrado
Request URL: /proyectos/Restaurante/mesas/edit/
Stack Trace:
#0 [internal function]: MesasController->edit()
#1 C:\wamp64\www\proyectos\Restaurante\lib\Cake\Controller\Controller.php(490): ReflectionMethod->invokeArgs(Object(MesasController), Array)
#2 C:\wamp64\www\proyectos\Restaurante\lib\Cake\Routing\Dispatcher.php(191): Controller->invokeAction(Object(CakeRequest))
#3 C:\wamp64\www\proyectos\Restaurante\lib\Cake\Routing\Dispatcher.php(165): Dispatcher->_invoke(Object(MesasController), Object(CakeRequest))
#4 C:\wamp64\www\proyectos\Restaurante\app\webroot\index.php(108): Dispatcher->dispatch(Object(CakeRequest), Object(CakeResponse))
#5 {main}
2022-05-17 23:45:57 Error: [NotFoundException] Datos invalidos
Request URL: /proyectos/Restaurante/mesas/edit/
Stack Trace:
#0 [internal function]: MesasController->edit()
#1 C:\wamp64\www\proyectos\Restaurante\lib\Cake\Controller\Controller.php(490): ReflectionMethod->invokeArgs(Object(MesasController), Array)
#2 C:\wamp64\www\proyectos\Restaurante\lib\Cake\Routing\Dispatcher.php(191): Controller->invokeAction(Object(CakeRequest))
#3 C:\wamp64\www\proyectos\Restaurante\lib\Cake\Routing\Dispatcher.php(165): Dispatcher->_invoke(Object(MesasController), Object(CakeRequest))
#4 C:\wamp64\www\proyectos\Restaurante\app\webroot\index.php(108): Dispatcher->dispatch(Object(CakeRequest), Object(CakeResponse))
#5 {main}
2022-05-17 23:46:01 Error: [NotFoundException] La mesa no ha sido encontrado
Request URL: /proyectos/Restaurante/mesas/edit/23
Stack Trace:
#0 [internal function]: MesasController->edit('23')
#1 C:\wamp64\www\proyectos\Restaurante\lib\Cake\Controller\Controller.php(490): ReflectionMethod->invokeArgs(Object(MesasController), Array)
#2 C:\wamp64\www\proyectos\Restaurante\lib\Cake\Routing\Dispatcher.php(191): Controller->invokeAction(Object(CakeRequest))
#3 C:\wamp64\www\proyectos\Restaurante\lib\Cake\Routing\Dispatcher.php(165): Dispatcher->_invoke(Object(MesasController), Object(CakeRequest))
#4 C:\wamp64\www\proyectos\Restaurante\app\webroot\index.php(108): Dispatcher->dispatch(Object(CakeRequest), Object(CakeResponse))
#5 {main}
2022-05-20 10:51:16 Error: [MissingControllerException] Controller class ProyectosController could not be found.
Exception Attributes: array (
  'class' => 'ProyectosController',
  'plugin' => NULL,
)
Request URL: /proyectos/Restaurante/proyectos/restaurante/
Stack Trace:
#0 C:\wamp64\www\proyectos\Restaurante\app\webroot\index.php(108): Dispatcher->dispatch(Object(CakeRequest), Object(CakeResponse))
#1 {main}
